07/13/2020 14:57:34.932 OPENED
07/13/2020 14:57:35.403 UPDATE_CHECK
07/13/2020 14:57:35.628 NO_UPDATE_AVAILABLE
07/13/2020 14:57:35.631 adb STREAM_OPEN: host:version
07/13/2020 14:57:35.633 adb STREAM_CLOSE: host:version
07/13/2020 14:57:35.633 adb STREAM_OPEN: host:track-devices-l
07/13/2020 14:57:35.635 adb STREAM_OPEN: host-serial:91MAX00L65:features
07/13/2020 14:57:35.636 adb STREAM_CLOSE: host-serial:91MAX00L65:features
07/13/2020 14:57:35.636 [91MAX00L65] adb DEVICE_CONNECTED
07/13/2020 14:57:35.638 [91MAX00L65] DEVICE_CONNECTED
07/13/2020 14:57:35.652 DEVICE_CONNECTED
07/13/2020 14:57:35.653 DEVICE_CONNECTED
07/13/2020 14:57:35.653 DEVICE_CONNECTED
07/13/2020 14:57:35.653 DEVICE_CONNECTED
07/13/2020 14:57:35.653 DEVICE_CONNECTED
07/13/2020 14:57:35.654 [<EMPTY_SERIAL_NUMBER>] DEVICE_INSPECTED: BAD_DESCRIPTION
07/13/2020 14:57:35.654 [<EMPTY_SERIAL_NUMBER>] DEVICE_INSPECTED: BAD_DESCRIPTION
07/13/2020 14:57:35.655 [<EMPTY_SERIAL_NUMBER>] DEVICE_INSPECTED: BAD_DESCRIPTION
07/13/2020 14:57:35.655 [<EMPTY_SERIAL_NUMBER>] DEVICE_INSPECTED: BAD_DESCRIPTION
07/13/2020 14:57:35.655 [<EMPTY_SERIAL_NUMBER>] DEVICE_INSPECTED: BAD_DESCRIPTION
07/13/2020 14:57:35.656 [0000000000000001] DEVICE_CONNECTED
07/13/2020 14:57:35.658 [0000000000000001] DEVICE_INSPECTED: UNKNOWN
07/13/2020 14:57:35.658 [001000001] DEVICE_CONNECTED
07/13/2020 14:57:35.659 [001000001] DEVICE_INSPECTED: UNKNOWN
07/13/2020 14:57:35.660 [91MAX00L65] adb STREAM_OPEN: shell:getprop
07/13/2020 14:57:35.662 SILENT_ERROR: RemoteDeviceProxyDeviceInspector: connect ECONNREFUSED 127.0.0.1:8091
07/13/2020 14:57:35.663 SILENT_ERROR: Failed to connect to remote device proxy server: connect ECONNREFUSED 127.0.0.1:8091
07/13/2020 14:57:35.750 [91MAX00L65] adb STREAM_CLOSE: shell:getprop
07/13/2020 14:57:35.751 [91MAX00L65 (bonito)] DEVICE_INSPECTED: ADB<DEVICE> (bonito): Android/aosp_bonito_hwasan/bonito:S/AOSP.MASTER/6654548:userdebug/test-keys
07/13/2020 14:58:05.762 UNCAUGHT_ERROR: Program exiting: timed out running child process
07/13/2020 14:58:05.771 CLOSED
