07/13/2020 14:24:14.200 OPENED
07/13/2020 14:24:14.534 adb STREAM_OPEN: host:version
07/13/2020 14:24:14.536 adb STREAM_CLOSE: host:version
07/13/2020 14:24:14.537 adb STREAM_OPEN: host:track-devices-l
07/13/2020 14:24:14.546 adb STREAM_OPEN: host-serial:91MAX00L65:features
07/13/2020 14:24:14.547 adb STREAM_CLOSE: host-serial:91MAX00L65:features
07/13/2020 14:24:14.548 [91MAX00L65] adb DEVICE_CONNECTED
07/13/2020 14:24:14.550 [91MAX00L65] DEVICE_CONNECTED
07/13/2020 14:24:14.566 DEVICE_CONNECTED
07/13/2020 14:24:14.566 DEVICE_CONNECTED
07/13/2020 14:24:14.567 DEVICE_CONNECTED
07/13/2020 14:24:14.567 DEVICE_CONNECTED
07/13/2020 14:24:14.567 DEVICE_CONNECTED
07/13/2020 14:24:14.568 [<EMPTY_SERIAL_NUMBER>] DEVICE_INSPECTED: BAD_DESCRIPTION
07/13/2020 14:24:14.568 [<EMPTY_SERIAL_NUMBER>] DEVICE_INSPECTED: BAD_DESCRIPTION
07/13/2020 14:24:14.569 [<EMPTY_SERIAL_NUMBER>] DEVICE_INSPECTED: BAD_DESCRIPTION
07/13/2020 14:24:14.569 [<EMPTY_SERIAL_NUMBER>] DEVICE_INSPECTED: BAD_DESCRIPTION
07/13/2020 14:24:14.569 [<EMPTY_SERIAL_NUMBER>] DEVICE_INSPECTED: BAD_DESCRIPTION
07/13/2020 14:24:14.570 [001000001] DEVICE_CONNECTED
07/13/2020 14:24:14.573 [001000001] DEVICE_INSPECTED: UNKNOWN
07/13/2020 14:24:14.573 [0000000000000001] DEVICE_CONNECTED
07/13/2020 14:24:14.574 [0000000000000001] DEVICE_INSPECTED: UNKNOWN
07/13/2020 14:24:14.575 [91MAX00L65] adb STREAM_OPEN: shell:getprop
07/13/2020 14:24:14.577 SILENT_ERROR: RemoteDeviceProxyDeviceInspector: connect ECONNREFUSED 127.0.0.1:8091
07/13/2020 14:24:14.577 SILENT_ERROR: Failed to connect to remote device proxy server: connect ECONNREFUSED 127.0.0.1:8091
07/13/2020 14:24:14.664 [91MAX00L65] adb STREAM_CLOSE: shell:getprop
07/13/2020 14:24:14.665 [91MAX00L65 (bonito)] DEVICE_INSPECTED: ADB<DEVICE> (bonito): Android/aosp_bonito_hwasan/bonito:S/AOSP.MASTER/6654548:userdebug/test-keys
07/13/2020 14:24:15.411 UNCAUGHT_ERROR: Program exiting: child process exited with code 255
07/13/2020 14:24:15.421 CLOSED
