07/13/2020 14:58:14.921 OPENED
07/13/2020 14:58:15.300 UPDATE_CHECK
07/13/2020 14:58:15.504 NO_UPDATE_AVAILABLE
07/13/2020 14:58:15.507 adb STREAM_OPEN: host:version
07/13/2020 14:58:15.510 adb STREAM_CLOSE: host:version
07/13/2020 14:58:15.511 adb STREAM_OPEN: host:track-devices-l
07/13/2020 14:58:15.513 adb STREAM_OPEN: host-serial:91MAX00L65:features
07/13/2020 14:58:15.513 adb STREAM_CLOSE: host-serial:91MAX00L65:features
07/13/2020 14:58:15.514 [91MAX00L65] adb DEVICE_CONNECTED
07/13/2020 14:58:15.516 [91MAX00L65] DEVICE_CONNECTED
07/13/2020 14:58:15.529 DEVICE_CONNECTED
07/13/2020 14:58:15.529 DEVICE_CONNECTED
07/13/2020 14:58:15.530 DEVICE_CONNECTED
07/13/2020 14:58:15.530 DEVICE_CONNECTED
07/13/2020 14:58:15.530 DEVICE_CONNECTED
07/13/2020 14:58:15.531 [<EMPTY_SERIAL_NUMBER>] DEVICE_INSPECTED: BAD_DESCRIPTION
07/13/2020 14:58:15.531 [<EMPTY_SERIAL_NUMBER>] DEVICE_INSPECTED: BAD_DESCRIPTION
07/13/2020 14:58:15.531 [<EMPTY_SERIAL_NUMBER>] DEVICE_INSPECTED: BAD_DESCRIPTION
07/13/2020 14:58:15.532 [<EMPTY_SERIAL_NUMBER>] DEVICE_INSPECTED: BAD_DESCRIPTION
07/13/2020 14:58:15.532 [<EMPTY_SERIAL_NUMBER>] DEVICE_INSPECTED: BAD_DESCRIPTION
07/13/2020 14:58:15.533 [0000000000000001] DEVICE_CONNECTED
07/13/2020 14:58:15.535 [0000000000000001] DEVICE_INSPECTED: UNKNOWN
07/13/2020 14:58:15.535 [001000001] DEVICE_CONNECTED
07/13/2020 14:58:15.536 [001000001] DEVICE_INSPECTED: UNKNOWN
07/13/2020 14:58:15.536 [91MAX00L65] adb STREAM_OPEN: shell:getprop
07/13/2020 14:58:15.538 SILENT_ERROR: RemoteDeviceProxyDeviceInspector: connect ECONNREFUSED 127.0.0.1:8091
07/13/2020 14:58:15.539 SILENT_ERROR: Failed to connect to remote device proxy server: connect ECONNREFUSED 127.0.0.1:8091
07/13/2020 14:58:15.610 [91MAX00L65] adb STREAM_CLOSE: shell:getprop
07/13/2020 14:58:15.611 [91MAX00L65 (bonito)] DEVICE_INSPECTED: ADB<DEVICE> (bonito): Android/aosp_bonito_hwasan/bonito:S/AOSP.MASTER/6654548:userdebug/test-keys
07/13/2020 14:58:19.229 [91MAX00L65 (bonito)] flash<1> PREPARING (0ms)
07/13/2020 14:58:19.660 [91MAX00L65 (bonito)] flash<1> START <UNKNOWN_BUILD>/bonito-userdebug NON_RELEASE_KEY (431ms)
07/13/2020 14:58:19.966 MODAL_SHOWN<1>: OPTIONAL_WIPE_PROMPT
07/13/2020 14:58:24.272 MODAL_USER_DISMISSED<1>: OPTIONAL_WIPE_PROMPT
07/13/2020 14:58:24.274 [91MAX00L65 (bonito)] adb STREAM_OPEN: reboot:bootloader
07/13/2020 14:58:45.152 [91MAX00L65 (bonito)] adb STREAM_CLOSE: reboot:bootloader
07/13/2020 14:58:45.155 [91MAX00L65 (bonito)] adb DEVICE_DISCONNECTED
07/13/2020 14:58:45.155 [91MAX00L65 (bonito)] DEVICE_DISCONNECTED
07/13/2020 14:58:48.915 [91MAX00L65] fastboot CONNECTING
07/13/2020 14:58:48.915 [91MAX00L65] DEVICE_CONNECTED
07/13/2020 14:58:49.036 [91MAX00L65] fastboot CONNECTED
07/13/2020 14:58:49.037 [91MAX00L65] fastboot getvar:product
07/13/2020 14:58:49.083 [91MAX00L65] fastboot getvar:product => OKAY: bonito (46ms)
07/13/2020 14:58:49.084 [91MAX00L65] fastboot getvar:serialno
07/13/2020 14:58:49.152 [91MAX00L65] fastboot getvar:serialno => OKAY: 91MAX00L65 (67ms)
07/13/2020 14:58:49.153 [91MAX00L65] fastboot getvar:is-userspace
07/13/2020 14:58:49.213 [91MAX00L65] fastboot getvar:is-userspace => OKAY: no (58ms)
07/13/2020 14:58:49.214 [91MAX00L65] fastboot DISCONNECTING
07/13/2020 14:58:49.215 [91MAX00L65] fastboot DISCONNECTED
07/13/2020 14:58:49.216 [91MAX00L65 (bonito)] DEVICE_INSPECTED: FASTBOOT<BOOTLOADER> (bonito)
07/13/2020 14:58:49.217 [91MAX00L65 (bonito)] fastboot CONNECTING
07/13/2020 14:58:49.334 [91MAX00L65 (bonito)] fastboot CONNECTED
07/13/2020 14:58:49.336 [91MAX00L65 (bonito)] fastboot getvar:product
07/13/2020 14:58:49.383 [91MAX00L65 (bonito)] fastboot getvar:product => OKAY: bonito (46ms)
07/13/2020 14:58:49.384 [91MAX00L65 (bonito)] fastboot getvar:battery-soc-ok
07/13/2020 14:58:49.453 [91MAX00L65 (bonito)] fastboot getvar:battery-soc-ok => OKAY: yes (68ms)
07/13/2020 14:58:49.453 [91MAX00L65 (bonito)] fastboot getvar:version-bootloader
07/13/2020 14:58:49.512 [91MAX00L65 (bonito)] fastboot getvar:version-bootloader => OKAY: b4s4-0.2-6355063 (59ms)
07/13/2020 14:58:49.513 [91MAX00L65 (bonito)] fastboot getvar:version-baseband
07/13/2020 14:58:49.573 [91MAX00L65 (bonito)] fastboot getvar:version-baseband => OKAY: g670-00042-200421-B-6414611 (59ms)
07/13/2020 14:58:49.574 [91MAX00L65 (bonito)] fastboot getvar:unlocked
07/13/2020 14:58:49.635 [91MAX00L65 (bonito)] fastboot getvar:unlocked => OKAY: yes (61ms)
07/13/2020 14:58:49.635 [91MAX00L65 (bonito)] fastboot getvar:unlocked
07/13/2020 14:58:49.695 [91MAX00L65 (bonito)] fastboot getvar:unlocked => OKAY: yes (60ms)
07/13/2020 14:58:49.695 [91MAX00L65 (bonito)] fastboot getvar:secure
07/13/2020 14:58:49.752 [91MAX00L65 (bonito)] fastboot getvar:secure => OKAY: yes (56ms)
07/13/2020 14:58:50.129 [91MAX00L65 (bonito)] fastboot DISCONNECTING
07/13/2020 14:58:50.130 [91MAX00L65 (bonito)] fastboot DISCONNECTED
07/13/2020 14:58:50.131 [91MAX00L65 (bonito)] flash<1> EXECUTING <UNKNOWN_BUILD>/bonito-userdebug NON_RELEASE_KEY (31s)
07/13/2020 15:00:55.888 [91MAX00L65 (bonito)] fastboot CONNECTING
07/13/2020 15:00:55.954 [91MAX00L65 (bonito)] fastboot CONNECTED
07/13/2020 15:00:55.955 [91MAX00L65 (bonito)] fastboot getvar:slot-count
07/13/2020 15:00:56.004 [91MAX00L65 (bonito)] fastboot getvar:slot-count => OKAY: 2 (49ms)
07/13/2020 15:00:56.005 [91MAX00L65 (bonito)] fastboot getvar:has-slot:bootloader
07/13/2020 15:00:56.073 [91MAX00L65 (bonito)] fastboot getvar:has-slot:bootloader => OKAY: yes (68ms)
07/13/2020 15:00:56.074 [91MAX00L65 (bonito)] fastboot getvar:current-slot
07/13/2020 15:00:56.133 [91MAX00L65 (bonito)] fastboot getvar:current-slot => OKAY: a (59ms)
07/13/2020 15:00:56.134 [91MAX00L65 (bonito)] fastboot getvar:max-download-size
07/13/2020 15:00:56.193 [91MAX00L65 (bonito)] fastboot getvar:max-download-size => OKAY: 0x10000000 (58ms)
07/13/2020 15:00:56.195 [91MAX00L65 (bonito)] fastboot getvar:partition-type:bootloader_a
07/13/2020 15:00:56.253 [91MAX00L65 (bonito)] fastboot getvar:partition-type:bootloader_a => FAIL: variable not found (58ms)
07/13/2020 15:00:56.265 [91MAX00L65 (bonito)] fastboot getvar:is-logical:bootloader_a
07/13/2020 15:00:56.313 [91MAX00L65 (bonito)] fastboot getvar:is-logical:bootloader_a => FAIL: variable not found (48ms)
07/13/2020 15:00:56.315 [91MAX00L65 (bonito)] fastboot download:0082b6a8
07/13/2020 15:00:56.375 [91MAX00L65 (bonito)] fastboot download:0082b6a8: DATA(0082b6a8)
07/13/2020 15:00:56.613 [91MAX00L65 (bonito)] fastboot download:0082b6a8 => OKAY:  (298ms)
07/13/2020 15:00:56.613 [91MAX00L65 (bonito)] fastboot flash:bootloader_a
07/13/2020 15:00:56.749 [91MAX00L65 (bonito)] fastboot flash:bootloader_a: Flashing Pack version b4s4-0.3-6558653
07/13/2020 15:00:56.754 [91MAX00L65 (bonito)] fastboot flash:bootloader_a: Flashing partition table for Lun = 0
07/13/2020 15:00:56.880 [91MAX00L65 (bonito)] fastboot flash:bootloader_a: Flashing partition xbl_a
07/13/2020 15:00:56.894 [91MAX00L65 (bonito)] fastboot flash:bootloader_a: Flashing partition xbl_config_a
07/13/2020 15:00:56.895 [91MAX00L65 (bonito)] fastboot flash:bootloader_a: Flashing partition tz_a
07/13/2020 15:00:56.903 [91MAX00L65 (bonito)] fastboot flash:bootloader_a: Flashing partition aop_a
07/13/2020 15:00:56.904 [91MAX00L65 (bonito)] fastboot flash:bootloader_a: Flashing partition hyp_a
07/13/2020 15:00:56.907 [91MAX00L65 (bonito)] fastboot flash:bootloader_a: Flashing partition keymaster_a
07/13/2020 15:00:56.909 [91MAX00L65 (bonito)] fastboot flash:bootloader_a: Flashing partition cmnlib_a
07/13/2020 15:00:56.910 [91MAX00L65 (bonito)] fastboot flash:bootloader_a: Flashing partition cmnlib64_a
07/13/2020 15:00:56.913 [91MAX00L65 (bonito)] fastboot flash:bootloader_a: Flashing partition abl_a
07/13/2020 15:00:56.917 [91MAX00L65 (bonito)] fastboot flash:bootloader_a: Flashing partition devcfg_a
07/13/2020 15:00:56.918 [91MAX00L65 (bonito)] fastboot flash:bootloader_a: Flashing partition qupfw_a
07/13/2020 15:00:56.919 [91MAX00L65 (bonito)] fastboot flash:bootloader_a: Flashing partition storsec_a
07/13/2020 15:00:56.920 [91MAX00L65 (bonito)] fastboot flash:bootloader_a => OKAY:  (306ms)
07/13/2020 15:00:56.920 [91MAX00L65 (bonito)] fastboot DISCONNECTING
07/13/2020 15:00:56.921 [91MAX00L65 (bonito)] fastboot DISCONNECTED
07/13/2020 15:00:56.922 [91MAX00L65 (bonito)] fastboot CONNECTING
07/13/2020 15:00:57.024 [91MAX00L65 (bonito)] fastboot CONNECTED
07/13/2020 15:00:57.024 [91MAX00L65 (bonito)] fastboot reboot-bootloader
07/13/2020 15:00:57.073 [91MAX00L65 (bonito)] fastboot reboot-bootloader => OKAY:  (47ms)
07/13/2020 15:00:57.185 [91MAX00L65 (bonito)] DEVICE_DISCONNECTED
07/13/2020 15:00:57.185 [91MAX00L65 (bonito)] fastboot DISCONNECTING
07/13/2020 15:00:57.186 [91MAX00L65 (bonito)] fastboot DISCONNECTED
07/13/2020 15:01:00.985 [91MAX00L65] fastboot CONNECTING
07/13/2020 15:01:00.986 [91MAX00L65] DEVICE_CONNECTED
07/13/2020 15:01:01.097 [91MAX00L65] fastboot CONNECTED
07/13/2020 15:01:01.098 [91MAX00L65] fastboot getvar:product
07/13/2020 15:01:01.145 [91MAX00L65] fastboot getvar:product => OKAY: bonito (47ms)
07/13/2020 15:01:01.145 [91MAX00L65] fastboot getvar:serialno
07/13/2020 15:01:01.215 [91MAX00L65] fastboot getvar:serialno => OKAY: 91MAX00L65 (69ms)
07/13/2020 15:01:01.216 [91MAX00L65] fastboot getvar:is-userspace
07/13/2020 15:01:01.275 [91MAX00L65] fastboot getvar:is-userspace => OKAY: no (59ms)
07/13/2020 15:01:01.276 [91MAX00L65] fastboot DISCONNECTING
07/13/2020 15:01:01.277 [91MAX00L65] fastboot DISCONNECTED
07/13/2020 15:01:01.278 [91MAX00L65 (bonito)] DEVICE_INSPECTED: FASTBOOT<BOOTLOADER> (bonito)
07/13/2020 15:01:01.279 [91MAX00L65 (bonito)] fastboot CONNECTING
07/13/2020 15:01:01.385 [91MAX00L65 (bonito)] fastboot CONNECTED
07/13/2020 15:01:01.386 [91MAX00L65 (bonito)] fastboot getvar:slot-count
07/13/2020 15:01:01.435 [91MAX00L65 (bonito)] fastboot getvar:slot-count => OKAY: 2 (49ms)
07/13/2020 15:01:01.435 [91MAX00L65 (bonito)] fastboot getvar:has-slot:radio
07/13/2020 15:01:01.504 [91MAX00L65 (bonito)] fastboot getvar:has-slot:radio => OKAY: yes (68ms)
07/13/2020 15:01:01.505 [91MAX00L65 (bonito)] fastboot getvar:current-slot
07/13/2020 15:01:01.564 [91MAX00L65 (bonito)] fastboot getvar:current-slot => OKAY: a (59ms)
07/13/2020 15:01:01.565 [91MAX00L65 (bonito)] fastboot getvar:max-download-size
07/13/2020 15:01:01.625 [91MAX00L65 (bonito)] fastboot getvar:max-download-size => OKAY: 0x10000000 (60ms)
07/13/2020 15:01:01.626 [91MAX00L65 (bonito)] fastboot getvar:partition-type:radio_a
07/13/2020 15:01:01.685 [91MAX00L65 (bonito)] fastboot getvar:partition-type:radio_a => FAIL: variable not found (58ms)
07/13/2020 15:01:01.687 [91MAX00L65 (bonito)] fastboot getvar:is-logical:radio_a
07/13/2020 15:01:01.745 [91MAX00L65 (bonito)] fastboot getvar:is-logical:radio_a => FAIL: variable not found (57ms)
07/13/2020 15:01:01.746 [91MAX00L65 (bonito)] fastboot download:0479f08c
07/13/2020 15:01:01.805 [91MAX00L65 (bonito)] fastboot download:0479f08c: DATA(0479f08c)
07/13/2020 15:01:03.556 [91MAX00L65 (bonito)] fastboot download:0479f08c => OKAY:  (2s)
07/13/2020 15:01:03.560 [91MAX00L65 (bonito)] fastboot flash:radio_a
07/13/2020 15:01:03.622 [91MAX00L65 (bonito)] fastboot flash:radio_a: Flashing Pack version SSD:g670-00067-200702-B-6648702
07/13/2020 15:01:03.726 [91MAX00L65 (bonito)] fastboot flash:radio_a: Flashing partition modem_a
07/13/2020 15:01:04.033 [91MAX00L65 (bonito)] fastboot flash:radio_a => OKAY:  (473ms)
07/13/2020 15:01:04.034 [91MAX00L65 (bonito)] fastboot DISCONNECTING
07/13/2020 15:01:04.036 [91MAX00L65 (bonito)] fastboot DISCONNECTED
07/13/2020 15:01:04.039 [91MAX00L65 (bonito)] fastboot CONNECTING
07/13/2020 15:01:04.136 [91MAX00L65 (bonito)] fastboot CONNECTED
07/13/2020 15:01:04.137 [91MAX00L65 (bonito)] fastboot reboot-bootloader
07/13/2020 15:01:04.185 [91MAX00L65 (bonito)] fastboot reboot-bootloader => OKAY:  (47ms)
07/13/2020 15:01:04.300 [91MAX00L65 (bonito)] DEVICE_DISCONNECTED
07/13/2020 15:01:04.300 [91MAX00L65 (bonito)] fastboot DISCONNECTING
07/13/2020 15:01:04.301 [91MAX00L65 (bonito)] fastboot DISCONNECTED
07/13/2020 15:01:08.202 [91MAX00L65] fastboot CONNECTING
07/13/2020 15:01:08.203 [91MAX00L65] DEVICE_CONNECTED
07/13/2020 15:01:08.313 [91MAX00L65] fastboot CONNECTED
07/13/2020 15:01:08.314 [91MAX00L65] fastboot getvar:product
07/13/2020 15:01:08.361 [91MAX00L65] fastboot getvar:product => OKAY: bonito (47ms)
07/13/2020 15:01:08.361 [91MAX00L65] fastboot getvar:serialno
07/13/2020 15:01:08.431 [91MAX00L65] fastboot getvar:serialno => OKAY: 91MAX00L65 (69ms)
07/13/2020 15:01:08.432 [91MAX00L65] fastboot getvar:is-userspace
07/13/2020 15:01:08.491 [91MAX00L65] fastboot getvar:is-userspace => OKAY: no (59ms)
07/13/2020 15:01:08.493 [91MAX00L65] fastboot DISCONNECTING
07/13/2020 15:01:08.493 [91MAX00L65] fastboot DISCONNECTED
07/13/2020 15:01:08.494 [91MAX00L65 (bonito)] DEVICE_INSPECTED: FASTBOOT<BOOTLOADER> (bonito)
07/13/2020 15:01:08.495 [91MAX00L65 (bonito)] fastboot CONNECTING
07/13/2020 15:01:08.602 [91MAX00L65 (bonito)] fastboot CONNECTED
07/13/2020 15:01:08.603 [91MAX00L65 (bonito)] fastboot getvar:product
07/13/2020 15:01:08.651 [91MAX00L65 (bonito)] fastboot getvar:product => OKAY: bonito (48ms)
07/13/2020 15:01:08.652 [91MAX00L65 (bonito)] fastboot getvar:product
07/13/2020 15:01:08.721 [91MAX00L65 (bonito)] fastboot getvar:product => OKAY: bonito (69ms)
07/13/2020 15:01:08.722 [91MAX00L65 (bonito)] fastboot getvar:version-bootloader
07/13/2020 15:01:08.781 [91MAX00L65 (bonito)] fastboot getvar:version-bootloader => OKAY: b4s4-0.3-6558653 (59ms)
07/13/2020 15:01:08.782 [91MAX00L65 (bonito)] fastboot getvar:version-baseband
07/13/2020 15:01:08.841 [91MAX00L65 (bonito)] fastboot getvar:version-baseband => OKAY: g670-00067-200702-B-6648702 (59ms)
07/13/2020 15:01:08.842 [91MAX00L65 (bonito)] fastboot DISCONNECTING
07/13/2020 15:01:08.843 [91MAX00L65 (bonito)] fastboot DISCONNECTED
07/13/2020 15:01:08.844 [91MAX00L65 (bonito)] fastboot CONNECTING
07/13/2020 15:01:08.952 [91MAX00L65 (bonito)] fastboot CONNECTED
07/13/2020 15:01:08.953 [91MAX00L65 (bonito)] fastboot getvar:snapshot-update-status
07/13/2020 15:01:09.004 [91MAX00L65 (bonito)] fastboot getvar:snapshot-update-status => OKAY: none (51ms)
07/13/2020 15:01:09.004 [91MAX00L65 (bonito)] fastboot DISCONNECTING
07/13/2020 15:01:09.006 [91MAX00L65 (bonito)] fastboot DISCONNECTED
07/13/2020 15:01:09.007 [91MAX00L65 (bonito)] fastboot CONNECTING
07/13/2020 15:01:09.122 [91MAX00L65 (bonito)] fastboot CONNECTED
07/13/2020 15:01:09.123 [91MAX00L65 (bonito)] fastboot getvar:partition-type:userdata
07/13/2020 15:01:09.171 [91MAX00L65 (bonito)] fastboot getvar:partition-type:userdata => OKAY: raw (48ms)
07/13/2020 15:01:09.172 [91MAX00L65 (bonito)] fastboot erase:userdata
07/13/2020 15:01:19.742 [91MAX00L65 (bonito)] fastboot erase:userdata => OKAY:  (11s)
07/13/2020 15:01:19.742 [91MAX00L65 (bonito)] fastboot DISCONNECTING
07/13/2020 15:01:19.743 [91MAX00L65 (bonito)] fastboot DISCONNECTED
07/13/2020 15:01:19.743 [91MAX00L65 (bonito)] fastboot CONNECTING
07/13/2020 15:01:19.852 [91MAX00L65 (bonito)] fastboot CONNECTED
07/13/2020 15:01:19.852 [91MAX00L65 (bonito)] fastboot getvar:partition-type:cache
07/13/2020 15:01:19.901 [91MAX00L65 (bonito)] fastboot getvar:partition-type:cache => FAIL: variable not found (49ms)
07/13/2020 15:01:19.903 [91MAX00L65 (bonito)] fastboot DISCONNECTING
07/13/2020 15:01:19.904 [91MAX00L65 (bonito)] fastboot DISCONNECTED
07/13/2020 15:01:19.905 [91MAX00L65 (bonito)] fastboot CONNECTING
07/13/2020 15:01:20.022 [91MAX00L65 (bonito)] fastboot CONNECTED
07/13/2020 15:01:20.023 [91MAX00L65 (bonito)] fastboot getvar:partition-type:metadata
07/13/2020 15:01:20.071 [91MAX00L65 (bonito)] fastboot getvar:partition-type:metadata => OKAY: raw (48ms)
07/13/2020 15:01:20.071 [91MAX00L65 (bonito)] fastboot erase:metadata
07/13/2020 15:01:20.237 [91MAX00L65 (bonito)] fastboot erase:metadata => OKAY:  (165ms)
07/13/2020 15:01:20.237 [91MAX00L65 (bonito)] fastboot DISCONNECTING
07/13/2020 15:01:20.239 [91MAX00L65 (bonito)] fastboot DISCONNECTED
07/13/2020 15:01:20.240 [91MAX00L65 (bonito)] fastboot CONNECTING
07/13/2020 15:01:20.342 [91MAX00L65 (bonito)] fastboot CONNECTED
07/13/2020 15:01:20.342 [91MAX00L65 (bonito)] fastboot getvar:slot-count
07/13/2020 15:01:20.391 [91MAX00L65 (bonito)] fastboot getvar:slot-count => OKAY: 2 (48ms)
07/13/2020 15:01:20.392 [91MAX00L65 (bonito)] fastboot getvar:has-slot:boot
07/13/2020 15:01:20.461 [91MAX00L65 (bonito)] fastboot getvar:has-slot:boot => OKAY: yes (69ms)
07/13/2020 15:01:20.462 [91MAX00L65 (bonito)] fastboot getvar:current-slot
07/13/2020 15:01:20.521 [91MAX00L65 (bonito)] fastboot getvar:current-slot => OKAY: a (59ms)
07/13/2020 15:01:20.522 [91MAX00L65 (bonito)] fastboot getvar:max-download-size
07/13/2020 15:01:20.581 [91MAX00L65 (bonito)] fastboot getvar:max-download-size => OKAY: 0x10000000 (59ms)
07/13/2020 15:01:20.582 [91MAX00L65 (bonito)] fastboot getvar:partition-type:boot_a
07/13/2020 15:01:20.641 [91MAX00L65 (bonito)] fastboot getvar:partition-type:boot_a => OKAY: raw (59ms)
07/13/2020 15:01:20.649 [91MAX00L65 (bonito)] fastboot getvar:is-logical:boot_a
07/13/2020 15:01:20.701 [91MAX00L65 (bonito)] fastboot getvar:is-logical:boot_a => FAIL: variable not found (52ms)
07/13/2020 15:01:20.705 [91MAX00L65 (bonito)] fastboot download:04000000
07/13/2020 15:01:20.761 [91MAX00L65 (bonito)] fastboot download:04000000: DATA(04000000)
07/13/2020 15:01:22.322 [91MAX00L65 (bonito)] fastboot download:04000000 => OKAY:  (2s)
07/13/2020 15:01:22.327 [91MAX00L65 (bonito)] fastboot flash:boot_a
07/13/2020 15:01:22.648 [91MAX00L65 (bonito)] fastboot flash:boot_a => OKAY:  (320ms)
07/13/2020 15:01:22.649 [91MAX00L65 (bonito)] fastboot DISCONNECTING
07/13/2020 15:01:22.650 [91MAX00L65 (bonito)] fastboot DISCONNECTED
07/13/2020 15:01:22.654 [91MAX00L65 (bonito)] fastboot CONNECTING
07/13/2020 15:01:22.754 [91MAX00L65 (bonito)] fastboot CONNECTED
07/13/2020 15:01:22.755 [91MAX00L65 (bonito)] fastboot getvar:slot-count
07/13/2020 15:01:22.801 [91MAX00L65 (bonito)] fastboot getvar:slot-count => OKAY: 2 (46ms)
07/13/2020 15:01:22.802 [91MAX00L65 (bonito)] fastboot getvar:has-slot:dtbo
07/13/2020 15:01:22.871 [91MAX00L65 (bonito)] fastboot getvar:has-slot:dtbo => OKAY: yes (69ms)
07/13/2020 15:01:22.872 [91MAX00L65 (bonito)] fastboot getvar:current-slot
07/13/2020 15:01:22.932 [91MAX00L65 (bonito)] fastboot getvar:current-slot => OKAY: a (58ms)
07/13/2020 15:01:22.933 [91MAX00L65 (bonito)] fastboot getvar:max-download-size
07/13/2020 15:01:22.991 [91MAX00L65 (bonito)] fastboot getvar:max-download-size => OKAY: 0x10000000 (58ms)
07/13/2020 15:01:22.992 [91MAX00L65 (bonito)] fastboot getvar:partition-type:dtbo_a
07/13/2020 15:01:23.051 [91MAX00L65 (bonito)] fastboot getvar:partition-type:dtbo_a => OKAY: raw (59ms)
07/13/2020 15:01:23.053 [91MAX00L65 (bonito)] fastboot getvar:is-logical:dtbo_a
07/13/2020 15:01:23.111 [91MAX00L65 (bonito)] fastboot getvar:is-logical:dtbo_a => FAIL: variable not found (58ms)
07/13/2020 15:01:23.114 [91MAX00L65 (bonito)] fastboot download:00800000
07/13/2020 15:01:23.171 [91MAX00L65 (bonito)] fastboot download:00800000: DATA(00800000)
07/13/2020 15:01:23.401 [91MAX00L65 (bonito)] fastboot download:00800000 => OKAY:  (286ms)
07/13/2020 15:01:23.402 [91MAX00L65 (bonito)] fastboot flash:dtbo_a
07/13/2020 15:01:23.519 [91MAX00L65 (bonito)] fastboot flash:dtbo_a => OKAY:  (117ms)
07/13/2020 15:01:23.520 [91MAX00L65 (bonito)] fastboot DISCONNECTING
07/13/2020 15:01:23.521 [91MAX00L65 (bonito)] fastboot DISCONNECTED
07/13/2020 15:01:23.522 [91MAX00L65 (bonito)] fastboot CONNECTING
07/13/2020 15:01:23.632 [91MAX00L65 (bonito)] fastboot CONNECTED
07/13/2020 15:01:23.632 [91MAX00L65 (bonito)] fastboot getvar:slot-count
07/13/2020 15:01:23.681 [91MAX00L65 (bonito)] fastboot getvar:slot-count => OKAY: 2 (49ms)
07/13/2020 15:01:23.682 [91MAX00L65 (bonito)] fastboot getvar:has-slot:vbmeta
07/13/2020 15:01:23.751 [91MAX00L65 (bonito)] fastboot getvar:has-slot:vbmeta => OKAY: yes (69ms)
07/13/2020 15:01:23.751 [91MAX00L65 (bonito)] fastboot getvar:current-slot
07/13/2020 15:01:23.811 [91MAX00L65 (bonito)] fastboot getvar:current-slot => OKAY: a (59ms)
07/13/2020 15:01:23.811 [91MAX00L65 (bonito)] fastboot getvar:max-download-size
07/13/2020 15:01:23.871 [91MAX00L65 (bonito)] fastboot getvar:max-download-size => OKAY: 0x10000000 (59ms)
07/13/2020 15:01:23.872 [91MAX00L65 (bonito)] fastboot getvar:partition-type:vbmeta_a
07/13/2020 15:01:23.931 [91MAX00L65 (bonito)] fastboot getvar:partition-type:vbmeta_a => OKAY: raw (59ms)
07/13/2020 15:01:23.933 [91MAX00L65 (bonito)] fastboot getvar:is-logical:vbmeta_a
07/13/2020 15:01:23.991 [91MAX00L65 (bonito)] fastboot getvar:is-logical:vbmeta_a => FAIL: variable not found (58ms)
07/13/2020 15:01:23.993 [91MAX00L65 (bonito)] fastboot download:00002000
07/13/2020 15:01:24.051 [91MAX00L65 (bonito)] fastboot download:00002000: DATA(00002000)
07/13/2020 15:01:24.111 [91MAX00L65 (bonito)] fastboot download:00002000 => OKAY:  (118ms)
07/13/2020 15:01:24.111 [91MAX00L65 (bonito)] fastboot flash:vbmeta_a
07/13/2020 15:01:24.181 [91MAX00L65 (bonito)] fastboot flash:vbmeta_a => OKAY:  (68ms)
07/13/2020 15:01:24.181 [91MAX00L65 (bonito)] fastboot DISCONNECTING
07/13/2020 15:01:24.183 [91MAX00L65 (bonito)] fastboot DISCONNECTED
07/13/2020 15:01:24.184 [91MAX00L65 (bonito)] fastboot CONNECTING
07/13/2020 15:01:24.292 [91MAX00L65 (bonito)] fastboot CONNECTED
07/13/2020 15:01:24.292 [91MAX00L65 (bonito)] fastboot oem ramdump enable
07/13/2020 15:01:24.347 [91MAX00L65 (bonito)] fastboot oem ramdump enable => OKAY:  (54ms)
07/13/2020 15:01:24.348 [91MAX00L65 (bonito)] fastboot DISCONNECTING
07/13/2020 15:01:24.348 [91MAX00L65 (bonito)] fastboot DISCONNECTED
07/13/2020 15:01:24.351 [91MAX00L65 (bonito)] fastboot CONNECTING
07/13/2020 15:01:24.472 [91MAX00L65 (bonito)] fastboot CONNECTED
07/13/2020 15:01:24.473 [91MAX00L65 (bonito)] fastboot reboot-fastboot
07/13/2020 15:01:24.521 [91MAX00L65 (bonito)] fastboot reboot-fastboot => OKAY:  (48ms)
07/13/2020 15:01:24.635 [91MAX00L65 (bonito)] DEVICE_DISCONNECTED
07/13/2020 15:01:24.635 [91MAX00L65 (bonito)] fastboot DISCONNECTING
07/13/2020 15:01:24.636 [91MAX00L65 (bonito)] fastboot DISCONNECTED
07/13/2020 15:01:39.611 [91MAX00L65] fastboot CONNECTING
07/13/2020 15:01:39.612 [91MAX00L65] DEVICE_CONNECTED
07/13/2020 15:01:39.615 [91MAX00L65] fastboot CONNECTED
07/13/2020 15:01:39.616 [91MAX00L65] fastboot getvar:product
07/13/2020 15:01:39.616 [91MAX00L65] fastboot getvar:product => OKAY: bonito (0ms)
07/13/2020 15:01:39.617 [91MAX00L65] fastboot getvar:serialno
07/13/2020 15:01:39.618 [91MAX00L65] fastboot getvar:serialno => OKAY: 91MAX00L65 (1ms)
07/13/2020 15:01:39.618 [91MAX00L65] fastboot getvar:is-userspace
07/13/2020 15:01:39.619 [91MAX00L65] fastboot getvar:is-userspace => OKAY: yes (0ms)
07/13/2020 15:01:39.620 [91MAX00L65] fastboot DISCONNECTING
07/13/2020 15:01:39.621 [91MAX00L65] fastboot DISCONNECTED
07/13/2020 15:01:39.622 [91MAX00L65 (bonito)] DEVICE_INSPECTED: FASTBOOT<FASTBOOTD> (bonito)
07/13/2020 15:01:39.623 [91MAX00L65 (bonito)] fastboot CONNECTING
07/13/2020 15:01:39.624 [91MAX00L65 (bonito)] fastboot CONNECTED
07/13/2020 15:01:39.625 [91MAX00L65 (bonito)] fastboot getvar:super-partition-name
07/13/2020 15:01:39.626 [91MAX00L65 (bonito)] fastboot getvar:super-partition-name => OKAY: system_a (1ms)
07/13/2020 15:01:39.626 [91MAX00L65 (bonito)] fastboot getvar:max-download-size
07/13/2020 15:01:39.627 [91MAX00L65 (bonito)] fastboot getvar:max-download-size => OKAY: 0x10000000 (1ms)
07/13/2020 15:01:39.627 [91MAX00L65 (bonito)] fastboot download:00001230
07/13/2020 15:01:39.629 [91MAX00L65 (bonito)] fastboot download:00001230: DATA(00001230)
07/13/2020 15:01:39.630 [91MAX00L65 (bonito)] fastboot download:00001230 => OKAY:  (2ms)
07/13/2020 15:01:39.630 [91MAX00L65 (bonito)] fastboot update-super:system_a:wipe
07/13/2020 15:01:39.643 [91MAX00L65 (bonito)] fastboot update-super:system_a:wipe => OKAY: Successfully flashed partition table (13ms)
07/13/2020 15:01:39.644 [91MAX00L65 (bonito)] fastboot DISCONNECTING
07/13/2020 15:01:39.644 [91MAX00L65 (bonito)] fastboot DISCONNECTED
07/13/2020 15:01:39.645 [91MAX00L65 (bonito)] fastboot CONNECTING
07/13/2020 15:01:39.646 [91MAX00L65 (bonito)] fastboot CONNECTED
07/13/2020 15:01:39.647 [91MAX00L65 (bonito)] fastboot getvar:slot-count
07/13/2020 15:01:39.647 [91MAX00L65 (bonito)] fastboot getvar:slot-count => OKAY: 2 (0ms)
07/13/2020 15:01:39.648 [91MAX00L65 (bonito)] fastboot getvar:has-slot:product
07/13/2020 15:01:39.649 [91MAX00L65 (bonito)] fastboot getvar:has-slot:product => OKAY: yes (1ms)
07/13/2020 15:01:39.650 [91MAX00L65 (bonito)] fastboot getvar:current-slot
07/13/2020 15:01:39.650 [91MAX00L65 (bonito)] fastboot getvar:current-slot => OKAY: a (0ms)
07/13/2020 15:01:39.651 [91MAX00L65 (bonito)] fastboot getvar:is-logical:product_a
07/13/2020 15:01:39.652 [91MAX00L65 (bonito)] fastboot getvar:is-logical:product_a => OKAY: yes (1ms)
07/13/2020 15:01:39.654 [91MAX00L65 (bonito)] fastboot getvar:super-partition-name
07/13/2020 15:01:39.655 [91MAX00L65 (bonito)] fastboot getvar:super-partition-name => OKAY: system_a (1ms)
07/13/2020 15:01:39.655 [91MAX00L65 (bonito)] fastboot resize-logical-partition:product_a:0
07/13/2020 15:01:39.661 [91MAX00L65 (bonito)] fastboot resize-logical-partition:product_a:0 => OKAY: Partition resized (5ms)
07/13/2020 15:01:39.661 [91MAX00L65 (bonito)] fastboot DISCONNECTING
07/13/2020 15:01:39.662 [91MAX00L65 (bonito)] fastboot DISCONNECTED
07/13/2020 15:01:39.663 [91MAX00L65 (bonito)] fastboot CONNECTING
07/13/2020 15:01:39.664 [91MAX00L65 (bonito)] fastboot CONNECTED
07/13/2020 15:01:39.665 [91MAX00L65 (bonito)] fastboot getvar:slot-count
07/13/2020 15:01:39.665 [91MAX00L65 (bonito)] fastboot getvar:slot-count => OKAY: 2 (0ms)
07/13/2020 15:01:39.666 [91MAX00L65 (bonito)] fastboot getvar:has-slot:system
07/13/2020 15:01:39.666 [91MAX00L65 (bonito)] fastboot getvar:has-slot:system => OKAY: yes (0ms)
07/13/2020 15:01:39.667 [91MAX00L65 (bonito)] fastboot getvar:current-slot
07/13/2020 15:01:39.667 [91MAX00L65 (bonito)] fastboot getvar:current-slot => OKAY: a (0ms)
07/13/2020 15:01:39.668 [91MAX00L65 (bonito)] fastboot getvar:is-logical:system_a
07/13/2020 15:01:39.669 [91MAX00L65 (bonito)] fastboot getvar:is-logical:system_a => OKAY: yes (1ms)
07/13/2020 15:01:39.670 [91MAX00L65 (bonito)] fastboot getvar:super-partition-name
07/13/2020 15:01:39.671 [91MAX00L65 (bonito)] fastboot getvar:super-partition-name => OKAY: system_a (1ms)
07/13/2020 15:01:39.671 [91MAX00L65 (bonito)] fastboot resize-logical-partition:system_a:0
07/13/2020 15:01:39.676 [91MAX00L65 (bonito)] fastboot resize-logical-partition:system_a:0 => OKAY: Partition resized (5ms)
07/13/2020 15:01:39.677 [91MAX00L65 (bonito)] fastboot DISCONNECTING
07/13/2020 15:01:39.677 [91MAX00L65 (bonito)] fastboot DISCONNECTED
07/13/2020 15:01:39.678 [91MAX00L65 (bonito)] fastboot CONNECTING
07/13/2020 15:01:39.680 [91MAX00L65 (bonito)] fastboot CONNECTED
07/13/2020 15:01:39.681 [91MAX00L65 (bonito)] fastboot getvar:slot-count
07/13/2020 15:01:39.681 [91MAX00L65 (bonito)] fastboot getvar:slot-count => OKAY: 2 (0ms)
07/13/2020 15:01:39.682 [91MAX00L65 (bonito)] fastboot getvar:has-slot:system_ext
07/13/2020 15:01:39.684 [91MAX00L65 (bonito)] fastboot getvar:has-slot:system_ext => OKAY: yes (2ms)
07/13/2020 15:01:39.684 [91MAX00L65 (bonito)] fastboot getvar:current-slot
07/13/2020 15:01:39.685 [91MAX00L65 (bonito)] fastboot getvar:current-slot => OKAY: a (1ms)
07/13/2020 15:01:39.685 [91MAX00L65 (bonito)] fastboot getvar:is-logical:system_ext_a
07/13/2020 15:01:39.687 [91MAX00L65 (bonito)] fastboot getvar:is-logical:system_ext_a => OKAY: yes (2ms)
07/13/2020 15:01:39.687 [91MAX00L65 (bonito)] fastboot getvar:super-partition-name
07/13/2020 15:01:39.688 [91MAX00L65 (bonito)] fastboot getvar:super-partition-name => OKAY: system_a (1ms)
07/13/2020 15:01:39.688 [91MAX00L65 (bonito)] fastboot resize-logical-partition:system_ext_a:0
07/13/2020 15:01:39.694 [91MAX00L65 (bonito)] fastboot resize-logical-partition:system_ext_a:0 => OKAY: Partition resized (5ms)
07/13/2020 15:01:39.694 [91MAX00L65 (bonito)] fastboot DISCONNECTING
07/13/2020 15:01:39.695 [91MAX00L65 (bonito)] fastboot DISCONNECTED
07/13/2020 15:01:39.695 [91MAX00L65 (bonito)] fastboot CONNECTING
07/13/2020 15:01:39.697 [91MAX00L65 (bonito)] fastboot CONNECTED
07/13/2020 15:01:39.697 [91MAX00L65 (bonito)] fastboot getvar:slot-count
07/13/2020 15:01:39.698 [91MAX00L65 (bonito)] fastboot getvar:slot-count => OKAY: 2 (0ms)
07/13/2020 15:01:39.699 [91MAX00L65 (bonito)] fastboot getvar:has-slot:system
07/13/2020 15:01:39.700 [91MAX00L65 (bonito)] fastboot getvar:has-slot:system => OKAY: yes (0ms)
07/13/2020 15:01:39.700 [91MAX00L65 (bonito)] fastboot getvar:current-slot
07/13/2020 15:01:39.701 [91MAX00L65 (bonito)] fastboot getvar:current-slot => OKAY: a (1ms)
07/13/2020 15:01:39.702 [91MAX00L65 (bonito)] fastboot getvar:is-logical:system_b
07/13/2020 15:01:39.705 [91MAX00L65 (bonito)] fastboot getvar:is-logical:system_b => OKAY: no (2ms)
07/13/2020 15:01:39.705 [91MAX00L65 (bonito)] fastboot DISCONNECTING
07/13/2020 15:01:39.706 [91MAX00L65 (bonito)] fastboot DISCONNECTED
07/13/2020 15:01:39.707 [91MAX00L65 (bonito)] fastboot CONNECTING
07/13/2020 15:01:39.708 [91MAX00L65 (bonito)] fastboot CONNECTED
07/13/2020 15:01:39.709 [91MAX00L65 (bonito)] fastboot getvar:slot-count
07/13/2020 15:01:39.709 [91MAX00L65 (bonito)] fastboot getvar:slot-count => OKAY: 2 (0ms)
07/13/2020 15:01:39.710 [91MAX00L65 (bonito)] fastboot getvar:has-slot:vendor
07/13/2020 15:01:39.710 [91MAX00L65 (bonito)] fastboot getvar:has-slot:vendor => OKAY: yes (0ms)
07/13/2020 15:01:39.711 [91MAX00L65 (bonito)] fastboot getvar:current-slot
07/13/2020 15:01:39.711 [91MAX00L65 (bonito)] fastboot getvar:current-slot => OKAY: a (0ms)
07/13/2020 15:01:39.712 [91MAX00L65 (bonito)] fastboot getvar:is-logical:vendor_a
07/13/2020 15:01:39.713 [91MAX00L65 (bonito)] fastboot getvar:is-logical:vendor_a => OKAY: yes (1ms)
07/13/2020 15:01:39.714 [91MAX00L65 (bonito)] fastboot getvar:super-partition-name
07/13/2020 15:01:39.715 [91MAX00L65 (bonito)] fastboot getvar:super-partition-name => OKAY: system_a (1ms)
07/13/2020 15:01:39.715 [91MAX00L65 (bonito)] fastboot resize-logical-partition:vendor_a:0
07/13/2020 15:01:39.720 [91MAX00L65 (bonito)] fastboot resize-logical-partition:vendor_a:0 => OKAY: Partition resized (5ms)
07/13/2020 15:01:39.721 [91MAX00L65 (bonito)] fastboot DISCONNECTING
07/13/2020 15:01:39.721 [91MAX00L65 (bonito)] fastboot DISCONNECTED
07/13/2020 15:01:39.722 [91MAX00L65 (bonito)] fastboot CONNECTING
07/13/2020 15:01:39.724 [91MAX00L65 (bonito)] fastboot CONNECTED
07/13/2020 15:01:39.724 [91MAX00L65 (bonito)] fastboot getvar:slot-count
07/13/2020 15:01:39.726 [91MAX00L65 (bonito)] fastboot getvar:slot-count => OKAY: 2 (2ms)
07/13/2020 15:01:39.726 [91MAX00L65 (bonito)] fastboot getvar:has-slot:product
07/13/2020 15:01:39.728 [91MAX00L65 (bonito)] fastboot getvar:has-slot:product => OKAY: yes (2ms)
07/13/2020 15:01:39.728 [91MAX00L65 (bonito)] fastboot getvar:current-slot
07/13/2020 15:01:39.729 [91MAX00L65 (bonito)] fastboot getvar:current-slot => OKAY: a (1ms)
07/13/2020 15:01:39.729 [91MAX00L65 (bonito)] fastboot getvar:max-download-size
07/13/2020 15:01:39.730 [91MAX00L65 (bonito)] fastboot getvar:max-download-size => OKAY: 0x10000000 (1ms)
07/13/2020 15:01:39.730 [91MAX00L65 (bonito)] fastboot getvar:partition-type:product_a
07/13/2020 15:01:39.732 [91MAX00L65 (bonito)] fastboot getvar:partition-type:product_a => OKAY: raw (2ms)
07/13/2020 15:01:39.746 [91MAX00L65 (bonito)] fastboot getvar:is-logical:product_a
07/13/2020 15:01:39.748 [91MAX00L65 (bonito)] fastboot getvar:is-logical:product_a => OKAY: yes (1ms)
07/13/2020 15:01:39.748 [91MAX00L65 (bonito)] fastboot resize-logical-partition:product_a:1934675968
07/13/2020 15:01:39.754 [91MAX00L65 (bonito)] fastboot resize-logical-partition:product_a:1934675968 => OKAY: Partition resized (5ms)
07/13/2020 15:01:39.755 [91MAX00L65 (bonito)] fastboot download:0ffff058
07/13/2020 15:01:39.961 [91MAX00L65 (bonito)] fastboot download:0ffff058: DATA(0ffff058)
07/13/2020 15:01:46.125 [91MAX00L65 (bonito)] fastboot download:0ffff058 => OKAY:  (6s)
07/13/2020 15:01:46.129 [91MAX00L65 (bonito)] fastboot flash:product_a
07/13/2020 15:01:49.685 [91MAX00L65 (bonito)] fastboot flash:product_a => OKAY: Flashing succeeded (4s)
07/13/2020 15:01:49.686 [91MAX00L65 (bonito)] fastboot download:0ffff070
07/13/2020 15:01:49.888 [91MAX00L65 (bonito)] fastboot download:0ffff070: DATA(0ffff070)
07/13/2020 15:01:56.055 [91MAX00L65 (bonito)] fastboot download:0ffff070 => OKAY:  (6s)
07/13/2020 15:01:56.059 [91MAX00L65 (bonito)] fastboot flash:product_a
07/13/2020 15:01:57.508 [91MAX00L65 (bonito)] fastboot flash:product_a => OKAY: Flashing succeeded (1s)
07/13/2020 15:01:57.509 [91MAX00L65 (bonito)] fastboot download:0ffff070
07/13/2020 15:01:57.712 [91MAX00L65 (bonito)] fastboot download:0ffff070: DATA(0ffff070)
07/13/2020 15:02:03.888 [91MAX00L65 (bonito)] fastboot download:0ffff070 => OKAY:  (6s)
07/13/2020 15:02:03.892 [91MAX00L65 (bonito)] fastboot flash:product_a
07/13/2020 15:02:05.348 [91MAX00L65 (bonito)] fastboot flash:product_a => OKAY: Flashing succeeded (1s)
07/13/2020 15:02:05.349 [91MAX00L65 (bonito)] fastboot download:0ffff070
07/13/2020 15:02:05.549 [91MAX00L65 (bonito)] fastboot download:0ffff070: DATA(0ffff070)
07/13/2020 15:02:11.736 [91MAX00L65 (bonito)] fastboot download:0ffff070 => OKAY:  (6s)
07/13/2020 15:02:11.740 [91MAX00L65 (bonito)] fastboot flash:product_a
07/13/2020 15:02:13.185 [91MAX00L65 (bonito)] fastboot flash:product_a => OKAY: Flashing succeeded (1s)
07/13/2020 15:02:13.186 [91MAX00L65 (bonito)] fastboot download:0ffff070
07/13/2020 15:02:13.389 [91MAX00L65 (bonito)] fastboot download:0ffff070: DATA(0ffff070)
07/13/2020 15:02:19.548 [91MAX00L65 (bonito)] fastboot download:0ffff070 => OKAY:  (6s)
07/13/2020 15:02:19.551 [91MAX00L65 (bonito)] fastboot flash:product_a
07/13/2020 15:02:20.971 [91MAX00L65 (bonito)] fastboot flash:product_a => OKAY: Flashing succeeded (1s)
07/13/2020 15:02:20.973 [91MAX00L65 (bonito)] fastboot download:0ffff070
07/13/2020 15:02:21.173 [91MAX00L65 (bonito)] fastboot download:0ffff070: DATA(0ffff070)
07/13/2020 15:02:27.326 [91MAX00L65 (bonito)] fastboot download:0ffff070 => OKAY:  (6s)
07/13/2020 15:02:27.331 [91MAX00L65 (bonito)] fastboot flash:product_a
07/13/2020 15:02:28.811 [91MAX00L65 (bonito)] fastboot flash:product_a => OKAY: Flashing succeeded (1s)
07/13/2020 15:02:28.813 [91MAX00L65 (bonito)] fastboot download:0ffff094
07/13/2020 15:02:29.016 [91MAX00L65 (bonito)] fastboot download:0ffff094: DATA(0ffff094)
07/13/2020 15:02:35.130 [91MAX00L65 (bonito)] fastboot download:0ffff094 => OKAY:  (6s)
07/13/2020 15:02:35.135 [91MAX00L65 (bonito)] fastboot flash:product_a
07/13/2020 15:02:36.551 [91MAX00L65 (bonito)] fastboot flash:product_a => OKAY: Flashing succeeded (1s)
07/13/2020 15:02:36.552 [91MAX00L65 (bonito)] fastboot download:02f2d07c
07/13/2020 15:02:36.591 [91MAX00L65 (bonito)] fastboot download:02f2d07c: DATA(02f2d07c)
07/13/2020 15:02:37.721 [91MAX00L65 (bonito)] fastboot download:02f2d07c => OKAY:  (1s)
07/13/2020 15:02:37.726 [91MAX00L65 (bonito)] fastboot flash:product_a
07/13/2020 15:02:38.031 [91MAX00L65 (bonito)] fastboot flash:product_a => OKAY: Flashing succeeded (304ms)
07/13/2020 15:02:38.033 [91MAX00L65 (bonito)] fastboot DISCONNECTING
07/13/2020 15:02:38.034 [91MAX00L65 (bonito)] fastboot DISCONNECTED
07/13/2020 15:02:38.039 [91MAX00L65 (bonito)] fastboot CONNECTING
07/13/2020 15:02:38.043 [91MAX00L65 (bonito)] fastboot CONNECTED
07/13/2020 15:02:38.044 [91MAX00L65 (bonito)] fastboot getvar:slot-count
07/13/2020 15:02:38.045 [91MAX00L65 (bonito)] fastboot getvar:slot-count => OKAY: 2 (1ms)
07/13/2020 15:02:38.045 [91MAX00L65 (bonito)] fastboot getvar:has-slot:system
07/13/2020 15:02:38.046 [91MAX00L65 (bonito)] fastboot getvar:has-slot:system => OKAY: yes (1ms)
07/13/2020 15:02:38.046 [91MAX00L65 (bonito)] fastboot getvar:current-slot
07/13/2020 15:02:38.047 [91MAX00L65 (bonito)] fastboot getvar:current-slot => OKAY: a (0ms)
07/13/2020 15:02:38.048 [91MAX00L65 (bonito)] fastboot getvar:max-download-size
07/13/2020 15:02:38.049 [91MAX00L65 (bonito)] fastboot getvar:max-download-size => OKAY: 0x10000000 (0ms)
07/13/2020 15:02:38.049 [91MAX00L65 (bonito)] fastboot getvar:partition-type:system_a
07/13/2020 15:02:38.049 [91MAX00L65 (bonito)] fastboot getvar:partition-type:system_a => OKAY: raw (0ms)
07/13/2020 15:02:38.059 [91MAX00L65 (bonito)] fastboot getvar:is-logical:system_a
07/13/2020 15:02:38.061 [91MAX00L65 (bonito)] fastboot getvar:is-logical:system_a => OKAY: yes (2ms)
07/13/2020 15:02:38.061 [91MAX00L65 (bonito)] fastboot resize-logical-partition:system_a:864665600
07/13/2020 15:02:38.065 [91MAX00L65 (bonito)] fastboot resize-logical-partition:system_a:864665600 => OKAY: Partition resized (4ms)
07/13/2020 15:02:38.066 [91MAX00L65 (bonito)] fastboot download:0ffff058
07/13/2020 15:02:38.266 [91MAX00L65 (bonito)] fastboot download:0ffff058: DATA(0ffff058)
07/13/2020 15:02:44.326 [91MAX00L65 (bonito)] fastboot download:0ffff058 => OKAY:  (6s)
07/13/2020 15:02:44.331 [91MAX00L65 (bonito)] fastboot flash:system_a
07/13/2020 15:02:47.882 [91MAX00L65 (bonito)] fastboot flash:system_a => OKAY: Flashing succeeded (4s)
07/13/2020 15:02:47.883 [91MAX00L65 (bonito)] fastboot download:0ffff070
07/13/2020 15:02:48.086 [91MAX00L65 (bonito)] fastboot download:0ffff070: DATA(0ffff070)
07/13/2020 15:02:54.163 [91MAX00L65 (bonito)] fastboot download:0ffff070 => OKAY:  (6s)
07/13/2020 15:02:54.168 [91MAX00L65 (bonito)] fastboot flash:system_a
07/13/2020 15:02:55.555 [91MAX00L65 (bonito)] fastboot flash:system_a => OKAY: Flashing succeeded (1s)
07/13/2020 15:02:55.556 [91MAX00L65 (bonito)] fastboot download:0ffff070
07/13/2020 15:02:55.759 [91MAX00L65 (bonito)] fastboot download:0ffff070: DATA(0ffff070)
07/13/2020 15:03:01.879 [91MAX00L65 (bonito)] fastboot download:0ffff070 => OKAY:  (6s)
07/13/2020 15:03:01.883 [91MAX00L65 (bonito)] fastboot flash:system_a
07/13/2020 15:03:03.331 [91MAX00L65 (bonito)] fastboot flash:system_a => OKAY: Flashing succeeded (1s)
07/13/2020 15:03:03.332 [91MAX00L65 (bonito)] fastboot download:035f30a0
07/13/2020 15:03:03.376 [91MAX00L65 (bonito)] fastboot download:035f30a0: DATA(035f30a0)
07/13/2020 15:03:04.676 [91MAX00L65 (bonito)] fastboot download:035f30a0 => OKAY:  (1s)
07/13/2020 15:03:04.681 [91MAX00L65 (bonito)] fastboot flash:system_a
07/13/2020 15:03:05.032 [91MAX00L65 (bonito)] fastboot flash:system_a => OKAY: Flashing succeeded (350ms)
07/13/2020 15:03:05.033 [91MAX00L65 (bonito)] fastboot DISCONNECTING
07/13/2020 15:03:05.035 [91MAX00L65 (bonito)] fastboot DISCONNECTED
07/13/2020 15:03:05.040 [91MAX00L65 (bonito)] fastboot CONNECTING
07/13/2020 15:03:05.044 [91MAX00L65 (bonito)] fastboot CONNECTED
07/13/2020 15:03:05.045 [91MAX00L65 (bonito)] fastboot getvar:slot-count
07/13/2020 15:03:05.046 [91MAX00L65 (bonito)] fastboot getvar:slot-count => OKAY: 2 (1ms)
07/13/2020 15:03:05.046 [91MAX00L65 (bonito)] fastboot getvar:has-slot:system_ext
07/13/2020 15:03:05.049 [91MAX00L65 (bonito)] fastboot getvar:has-slot:system_ext => OKAY: yes (3ms)
07/13/2020 15:03:05.050 [91MAX00L65 (bonito)] fastboot getvar:current-slot
07/13/2020 15:03:05.051 [91MAX00L65 (bonito)] fastboot getvar:current-slot => OKAY: a (1ms)
07/13/2020 15:03:05.052 [91MAX00L65 (bonito)] fastboot getvar:max-download-size
07/13/2020 15:03:05.053 [91MAX00L65 (bonito)] fastboot getvar:max-download-size => OKAY: 0x10000000 (1ms)
07/13/2020 15:03:05.053 [91MAX00L65 (bonito)] fastboot getvar:partition-type:system_ext_a
07/13/2020 15:03:05.055 [91MAX00L65 (bonito)] fastboot getvar:partition-type:system_ext_a => OKAY: raw (2ms)
07/13/2020 15:03:05.057 [91MAX00L65 (bonito)] fastboot getvar:is-logical:system_ext_a
07/13/2020 15:03:05.059 [91MAX00L65 (bonito)] fastboot getvar:is-logical:system_ext_a => OKAY: yes (2ms)
07/13/2020 15:03:05.060 [91MAX00L65 (bonito)] fastboot resize-logical-partition:system_ext_a:241840128
07/13/2020 15:03:05.066 [91MAX00L65 (bonito)] fastboot resize-logical-partition:system_ext_a:241840128 => OKAY: Partition resized (5ms)
07/13/2020 15:03:05.066 [91MAX00L65 (bonito)] fastboot download:0e5d80ac
07/13/2020 15:03:05.255 [91MAX00L65 (bonito)] fastboot download:0e5d80ac: DATA(0e5d80ac)
07/13/2020 15:03:10.714 [91MAX00L65 (bonito)] fastboot download:0e5d80ac => OKAY:  (6s)
07/13/2020 15:03:10.719 [91MAX00L65 (bonito)] fastboot flash:system_ext_a
07/13/2020 15:03:14.122 [91MAX00L65 (bonito)] fastboot flash:system_ext_a => OKAY: Flashing succeeded (3s)
07/13/2020 15:03:14.123 [91MAX00L65 (bonito)] fastboot DISCONNECTING
07/13/2020 15:03:14.124 [91MAX00L65 (bonito)] fastboot DISCONNECTED
07/13/2020 15:03:14.129 [91MAX00L65 (bonito)] fastboot CONNECTING
07/13/2020 15:03:14.133 [91MAX00L65 (bonito)] fastboot CONNECTED
07/13/2020 15:03:14.134 [91MAX00L65 (bonito)] fastboot getvar:slot-count
07/13/2020 15:03:14.135 [91MAX00L65 (bonito)] fastboot getvar:slot-count => OKAY: 2 (1ms)
07/13/2020 15:03:14.135 [91MAX00L65 (bonito)] fastboot getvar:has-slot:system
07/13/2020 15:03:14.136 [91MAX00L65 (bonito)] fastboot getvar:has-slot:system => OKAY: yes (0ms)
07/13/2020 15:03:14.137 [91MAX00L65 (bonito)] fastboot getvar:current-slot
07/13/2020 15:03:14.137 [91MAX00L65 (bonito)] fastboot getvar:current-slot => OKAY: a (0ms)
07/13/2020 15:03:14.138 [91MAX00L65 (bonito)] fastboot getvar:max-download-size
07/13/2020 15:03:14.138 [91MAX00L65 (bonito)] fastboot getvar:max-download-size => OKAY: 0x10000000 (0ms)
07/13/2020 15:03:14.139 [91MAX00L65 (bonito)] fastboot getvar:partition-type:system_b
07/13/2020 15:03:14.139 [91MAX00L65 (bonito)] fastboot getvar:partition-type:system_b => OKAY: raw (0ms)
07/13/2020 15:03:14.143 [91MAX00L65 (bonito)] fastboot getvar:is-logical:system_b
07/13/2020 15:03:14.159 [91MAX00L65 (bonito)] fastboot getvar:is-logical:system_b => OKAY: no (16ms)
07/13/2020 15:03:14.160 [91MAX00L65 (bonito)] fastboot download:0491c118
07/13/2020 15:03:14.219 [91MAX00L65 (bonito)] fastboot download:0491c118: DATA(0491c118)
07/13/2020 15:03:15.947 [91MAX00L65 (bonito)] fastboot download:0491c118 => OKAY:  (2s)
07/13/2020 15:03:15.952 [91MAX00L65 (bonito)] fastboot flash:system_b
07/13/2020 15:03:16.363 [91MAX00L65 (bonito)] fastboot flash:system_b => OKAY: Flashing succeeded (410ms)
07/13/2020 15:03:16.364 [91MAX00L65 (bonito)] fastboot DISCONNECTING
07/13/2020 15:03:16.366 [91MAX00L65 (bonito)] fastboot DISCONNECTED
07/13/2020 15:03:16.371 [91MAX00L65 (bonito)] fastboot CONNECTING
07/13/2020 15:03:16.375 [91MAX00L65 (bonito)] fastboot CONNECTED
07/13/2020 15:03:16.376 [91MAX00L65 (bonito)] fastboot getvar:slot-count
07/13/2020 15:03:16.377 [91MAX00L65 (bonito)] fastboot getvar:slot-count => OKAY: 2 (1ms)
07/13/2020 15:03:16.377 [91MAX00L65 (bonito)] fastboot getvar:has-slot:vendor
07/13/2020 15:03:16.378 [91MAX00L65 (bonito)] fastboot getvar:has-slot:vendor => OKAY: yes (0ms)
07/13/2020 15:03:16.379 [91MAX00L65 (bonito)] fastboot getvar:current-slot
07/13/2020 15:03:16.379 [91MAX00L65 (bonito)] fastboot getvar:current-slot => OKAY: a (0ms)
07/13/2020 15:03:16.380 [91MAX00L65 (bonito)] fastboot getvar:max-download-size
07/13/2020 15:03:16.381 [91MAX00L65 (bonito)] fastboot getvar:max-download-size => OKAY: 0x10000000 (1ms)
07/13/2020 15:03:16.381 [91MAX00L65 (bonito)] fastboot getvar:partition-type:vendor_a
07/13/2020 15:03:16.382 [91MAX00L65 (bonito)] fastboot getvar:partition-type:vendor_a => OKAY: raw (1ms)
07/13/2020 15:03:16.388 [91MAX00L65 (bonito)] fastboot getvar:is-logical:vendor_a
07/13/2020 15:03:16.391 [91MAX00L65 (bonito)] fastboot getvar:is-logical:vendor_a => OKAY: yes (2ms)
07/13/2020 15:03:16.391 [91MAX00L65 (bonito)] fastboot resize-logical-partition:vendor_a:535003136
07/13/2020 15:03:16.397 [91MAX00L65 (bonito)] fastboot resize-logical-partition:vendor_a:535003136 => OKAY: Partition resized (6ms)
07/13/2020 15:03:16.398 [91MAX00L65 (bonito)] fastboot download:0ffff058
07/13/2020 15:03:16.607 [91MAX00L65 (bonito)] fastboot download:0ffff058: DATA(0ffff058)
07/13/2020 15:03:22.676 [91MAX00L65 (bonito)] fastboot download:0ffff058 => OKAY:  (6s)
07/13/2020 15:03:22.681 [91MAX00L65 (bonito)] fastboot flash:vendor_a
07/13/2020 15:03:25.125 [91MAX00L65 (bonito)] fastboot flash:vendor_a => OKAY: Flashing succeeded (2s)
07/13/2020 15:03:25.126 [91MAX00L65 (bonito)] fastboot download:0fc860c4
07/13/2020 15:03:25.324 [91MAX00L65 (bonito)] fastboot download:0fc860c4: DATA(0fc860c4)
07/13/2020 15:03:31.395 [91MAX00L65 (bonito)] fastboot download:0fc860c4 => OKAY:  (6s)
07/13/2020 15:03:31.399 [91MAX00L65 (bonito)] fastboot flash:vendor_a
07/13/2020 15:03:32.825 [91MAX00L65 (bonito)] fastboot flash:vendor_a => OKAY: Flashing succeeded (1s)
07/13/2020 15:03:32.826 [91MAX00L65 (bonito)] fastboot DISCONNECTING
07/13/2020 15:03:32.827 [91MAX00L65 (bonito)] fastboot DISCONNECTED
07/13/2020 15:03:32.831 [91MAX00L65 (bonito)] fastboot CONNECTING
07/13/2020 15:03:32.835 [91MAX00L65 (bonito)] fastboot CONNECTED
07/13/2020 15:03:32.836 [91MAX00L65 (bonito)] fastboot reboot
07/13/2020 15:03:32.837 [91MAX00L65 (bonito)] fastboot reboot => OKAY: Rebooting (1ms)
07/13/2020 15:03:32.947 [91MAX00L65 (bonito)] DEVICE_DISCONNECTED
07/13/2020 15:03:32.948 [91MAX00L65 (bonito)] fastboot DISCONNECTING
07/13/2020 15:03:32.949 [91MAX00L65 (bonito)] fastboot DISCONNECTED
07/13/2020 15:03:32.950 [91MAX00L65 (bonito)] flash<1> COMPLETE <UNKNOWN_BUILD>/bonito-userdebug NON_RELEASE_KEY (5m)
07/13/2020 15:03:32.951 CLOSED
